===== 実際に投稿するテキスト =====
[WP最新記事] 渋谷区幡ヶ谷で過ごす冬のイルミネーションと民泊の魅力 https://staytokyo.xyz/archives/345 (2025-12-18 09:05)
================================
201
{"data":{"text":"[WP最新記事] 渋谷区幡ヶ谷で過ごす冬のイルミネーションと民泊の魅力 https://t.co/zT7dHwWPv3 (2025-12-18 09:05)","id":"2001443556142256452","edit_history_tweet_ids":["2001443556142256452"]}}
===== 実際に投稿するテキスト =====
[WP最新記事] 渋谷区幡ヶ谷で楽しむ冬のアートイベントと民泊ステイの魅力 https://staytokyo.xyz/archives/349 (2025-12-19 09:05)
================================
201
{"data":{"edit_history_tweet_ids":["2001805952832671897"],"text":"[WP最新記事] 渋谷区幡ヶ谷で楽しむ冬のアートイベントと民泊ステイの魅力 https://t.co/mX0YaUmzCB (2025-12-19 09:05)","id":"2001805952832671897"}}
===== 実際に投稿するテキスト =====
[WP最新記事] 渋谷区幡ヶ谷で味わう冬の銭湯巡りと民泊の癒やし宿泊 https://staytokyo.xyz/archives/353 (2025-12-20 09:05)
================================
201
{"data":{"text":"[WP最新記事] 渋谷区幡ヶ谷で味わう冬の銭湯巡りと民泊の癒やし宿泊 https://t.co/sbV8r1tVHl (2025-12-20 09:05)","id":"2002168337502281738","edit_history_tweet_ids":["2002168337502281738"]}}
===== 実際に投稿するテキスト =====
[WP最新記事] 渋谷区幡ヶ谷で過ごす冬の静かな夜と民泊の安らぎ https://staytokyo.xyz/archives/355 (2025-12-21 09:05)
================================
201
{"data":{"text":"[WP最新記事] 渋谷区幡ヶ谷で過ごす冬の静かな夜と民泊の安らぎ https://t.co/aRA4aPfqlr (2025-12-21 09:05)","edit_history_tweet_ids":["2002530727381151920"],"id":"2002530727381151920"}}
===== 実際に投稿するテキスト =====
[WP最新記事] 渋谷区幡ヶ谷で過ごす年末年始の民泊と初詣散策ガイド https://staytokyo.xyz/archives/359 (2025-12-22 09:05)
================================
201
{"data":{"id":"2002893113392771459","edit_history_tweet_ids":["2002893113392771459"],"text":"[WP最新記事] 渋谷区幡ヶ谷で過ごす年末年始の民泊と初詣散策ガイド https://t.co/JX3lrhlhO2 (2025-12-22 09:05)"}}
===== 実際に投稿するテキスト =====
[WP最新記事] 渋谷区幡ヶ谷で冬の読書時間と快適民泊ステイ https://staytokyo.xyz/archives/363 (2025-12-23 09:05)
================================
201
{"data":{"id":"2003255501606519224","edit_history_tweet_ids":["2003255501606519224"],"text":"[WP最新記事] 渋谷区幡ヶ谷で冬の読書時間と快適民泊ステイ https://t.co/ZU44ROtOx5 (2025-12-23 09:05)"}}
===== 実際に投稿するテキスト =====
[WP最新記事] 渋谷区幡ヶ谷で過ごす冬の銭湯巡りと癒やし民泊体験 https://staytokyo.xyz/archives/367 (2025-12-24 09:05)
================================
201
{"data":{"text":"[WP最新記事] 渋谷区幡ヶ谷で過ごす冬の銭湯巡りと癒やし民泊体験 https://t.co/vT4A5u5KM0 (2025-12-24 09:05)","id":"2003617889832833513","edit_history_tweet_ids":["2003617889832833513"]}}
===== 実際に投稿するテキスト =====
[WP最新記事] 渋谷区幡ヶ谷で過ごす冬の朝市と温かい民泊体験 https://staytokyo.xyz/archives/371 (2025-12-25 09:05)
================================
201
{"data":{"id":"2003980269523816956","edit_history_tweet_ids":["2003980269523816956"],"text":"[WP最新記事] 渋谷区幡ヶ谷で過ごす冬の朝市と温かい民泊体験 https://t.co/S5CKdavdWz (2025-12-25 09:05)"}}
===== 実際に投稿するテキスト =====
[WP最新記事] 渋谷区幡ヶ谷で過ごす冬の安心子連れ民泊体験 https://staytokyo.xyz/archives/379 (2025-12-26 08:30)
================================
201
{"data":{"edit_history_tweet_ids":["2004333853121696021"],"text":"[WP最新記事] 渋谷区幡ヶ谷で過ごす冬の安心子連れ民泊体験 https://t.co/ZLBGItq0ae (2025-12-26 08:30)","id":"2004333853121696021"}}
===== 実際に投稿するテキスト =====
[WP最新記事] 渋谷区幡ヶ谷で迎える年末年始の快適民泊滞在 https://staytokyo.xyz/archives/382 (2025-12-27 08:30)
================================
201
{"data":{"text":"[WP最新記事] 渋谷区幡ヶ谷で迎える年末年始の快適民泊滞在 https://t.co/p2Ood1P5AN (2025-12-27 08:30)","id":"2004696248889344442","edit_history_tweet_ids":["2004696248889344442"]}}
===== 実際に投稿するテキスト =====
[WP最新記事] 渋谷区幡ヶ谷で迎える年末年始の快適民泊滞在 https://staytokyo.xyz/archives/382 (2025-12-28 08:30)
================================
201
{"data":{"edit_history_tweet_ids":["2005058636859801806"],"text":"[WP最新記事] 渋谷区幡ヶ谷で迎える年末年始の快適民泊滞在 https://t.co/p2Ood1P5AN (2025-12-28 08:30)","id":"2005058636859801806"}}
===== 実際に投稿するテキスト =====
[WP最新記事] 渋谷区幡ヶ谷の夏ライブ前泊に最適な民泊ガイド https://staytokyo.xyz/archives/399 (2025-12-29 08:30)
================================
201
{"data":{"text":"[WP最新記事] 渋谷区幡ヶ谷の夏ライブ前泊に最適な民泊ガイド https://t.co/RKuz9GJjNR (2025-12-29 08:30)","edit_history_tweet_ids":["2005421021894213844"],"id":"2005421021894213844"}}
===== 実際に投稿するテキスト =====
[WP最新記事] 渋谷区幡ヶ谷の夏ライブ前泊に最適な民泊ガイド https://staytokyo.xyz/archives/399 (2025-12-30 08:30)
================================
201
{"data":{"text":"[WP最新記事] 渋谷区幡ヶ谷の夏ライブ前泊に最適な民泊ガイド https://t.co/RKuz9GJjNR (2025-12-30 08:30)","id":"2005783414318993514","edit_history_tweet_ids":["2005783414318993514"]}}
===== 実際に投稿するテキスト =====
[WP最新記事] 渋谷区幡ヶ谷で過ごす冬のライブ連泊民泊プラン https://staytokyo.xyz/archives/402 (2025-12-31 08:30)
================================
201
{"data":{"edit_history_tweet_ids":["2006145800511139982"],"text":"[WP最新記事] 渋谷区幡ヶ谷で過ごす冬のライブ連泊民泊プラン https://t.co/SPib04qc4f (2025-12-31 08:30)","id":"2006145800511139982"}}
===== 実際に投稿するテキスト =====
[WP最新記事] 渋谷区幡ヶ谷で過ごす冬のライブと民泊滞在の魅力 https://staytokyo.xyz/archives/405 (2026-01-01 08:30)
================================
201
{"data":{"text":"[WP最新記事] 渋谷区幡ヶ谷で過ごす冬のライブと民泊滞在の魅力 https://t.co/TyLUh6tMX4 (2026-01-01 08:30)","edit_history_tweet_ids":["2006508186875080855"],"id":"2006508186875080855"}}
===== 実際に投稿するテキスト =====
[WP最新記事] 渋谷区幡ヶ谷で春のライブと民泊を満喫する休日 https://staytokyo.xyz/archives/409 (2026-01-02 08:30)
================================
201
{"data":{"text":"[WP最新記事] 渋谷区幡ヶ谷で春のライブと民泊を満喫する休日 https://t.co/1VEhUxzYNb (2026-01-02 08:30)","id":"2006870574124122165","edit_history_tweet_ids":["2006870574124122165"]}}
===== 実際に投稿するテキスト =====
[WP最新記事] 渋谷区幡ヶ谷で楽しむ春のライブと民泊滞在 https://staytokyo.xyz/archives/412 (2026-01-03 08:30)
================================
201
{"data":{"text":"[WP最新記事] 渋谷区幡ヶ谷で楽しむ春のライブと民泊滞在 https://t.co/4uRxYnNlAB (2026-01-03 08:30)","id":"2007232962358845527","edit_history_tweet_ids":["2007232962358845527"]}}
===== 実際に投稿するテキスト =====
[WP最新記事] 渋谷区幡ヶ谷で過ごす春のビジネス出張民泊ガイド https://staytokyo.xyz/archives/415 (2026-01-04 08:30)
================================
201
{"data":{"id":"2007595349821813245","text":"[WP最新記事] 渋谷区幡ヶ谷で過ごす春のビジネス出張民泊ガイド https://t.co/lBMFeRlIw1 (2026-01-04 08:30)","edit_history_tweet_ids":["2007595349821813245"]}}
===== 実際に投稿するテキスト =====
[WP最新記事] 渋谷区幡ヶ谷で過ごす秋のファミリー向け民泊体験 https://staytokyo.xyz/archives/418 (2026-01-05 08:30)
================================
201
{"data":{"text":"[WP最新記事] 渋谷区幡ヶ谷で過ごす秋のファミリー向け民泊体験 https://t.co/tPJbIQGZYT (2026-01-05 08:30)","id":"2007957740690542621","edit_history_tweet_ids":["2007957740690542621"]}}
===== 実際に投稿するテキスト =====
[WP最新記事] 渋谷区幡ヶ谷で過ごす春のビジネス出張民泊ガイド https://staytokyo.xyz/archives/421 (2026-01-06 08:30)
================================
201
{"data":{"id":"2008320128275149282","text":"[WP最新記事] 渋谷区幡ヶ谷で過ごす春のビジネス出張民泊ガイド https://t.co/C2UX9SbxgU (2026-01-06 08:30)","edit_history_tweet_ids":["2008320128275149282"]}}
===== 実際に投稿するテキスト =====
[WP最新記事] 渋谷区幡ヶ谷で過ごす夏のファミリー民泊体験 https://staytokyo.xyz/archives/424 (2026-01-07 08:30)
================================
201
{"data":{"edit_history_tweet_ids":["2008682515457077600"],"text":"[WP最新記事] 渋谷区幡ヶ谷で過ごす夏のファミリー民泊体験 https://t.co/zSgJIoytgf (2026-01-07 08:30)","id":"2008682515457077600"}}
===== 実際に投稿するテキスト =====
[WP最新記事] 渋谷区幡ヶ谷で味わう春のイベントと民泊滞在満喫 https://staytokyo.xyz/archives/427 (2026-01-08 08:30)
================================
201
{"data":{"id":"2009044899451293833","text":"[WP最新記事] 渋谷区幡ヶ谷で味わう春のイベントと民泊滞在満喫 https://t.co/0ELmCi1T97 (2026-01-08 08:30)","edit_history_tweet_ids":["2009044899451293833"]}}
===== 実際に投稿するテキスト =====
[WP最新記事] 渋谷区幡ヶ谷で過ごす夏の花火大会と民泊滞在の魅力 https://staytokyo.xyz/archives/430 (2026-01-09 08:30)
================================
201
{"data":{"text":"[WP最新記事] 渋谷区幡ヶ谷で過ごす夏の花火大会と民泊滞在の魅力 https://t.co/Dmdkl6soX2 (2026-01-09 08:30)","id":"2009407286897463591","edit_history_tweet_ids":["2009407286897463591"]}}
===== 実際に投稿するテキスト =====
[WP最新記事] 渋谷区幡ヶ谷で楽しむ夏の花火と快適民泊滞在 https://staytokyo.xyz/archives/433 (2026-01-10 08:30)
================================
201
{"data":{"id":"2009769674108756465","edit_history_tweet_ids":["2009769674108756465"],"text":"[WP最新記事] 渋谷区幡ヶ谷で楽しむ夏の花火と快適民泊滞在 https://t.co/OUnciOEE0l (2026-01-10 08:30)"}}
===== 実際に投稿するテキスト =====
[WP最新記事] 渋谷区幡ヶ谷で味わう春のライブと民泊滞在体験 https://staytokyo.xyz/archives/436 (2026-01-11 08:30)
================================
201
{"data":{"text":"[WP最新記事] 渋谷区幡ヶ谷で味わう春のライブと民泊滞在体験 https://t.co/GmhCNZVCDA (2026-01-11 08:30)","id":"2010132055288623502","edit_history_tweet_ids":["2010132055288623502"]}}
===== 実際に投稿するテキスト =====
[WP最新記事] 渋谷区幡ヶ谷で味わう夏ライブと快適民泊滞在 https://staytokyo.xyz/archives/439 (2026-01-12 08:30)
================================
201
{"data":{"id":"2010494442218909714","text":"[WP最新記事] 渋谷区幡ヶ谷で味わう夏ライブと快適民泊滞在 https://t.co/Qka4rqa3Mn (2026-01-12 08:30)","edit_history_tweet_ids":["2010494442218909714"]}}
===== 実際に投稿するテキスト =====
[WP最新記事] 渋谷区幡ヶ谷で味わう春の福祉イベントと民泊滞在の魅力 https://staytokyo.xyz/archives/440 (2026-01-13 08:30)
================================
201
{"data":{"edit_history_tweet_ids":["2010856843040727434"],"text":"[WP最新記事] 渋谷区幡ヶ谷で味わう春の福祉イベントと民泊滞在の魅力 https://t.co/QDhmgd7WeB (2026-01-13 08:30)","id":"2010856843040727434"}}
===== 実際に投稿するテキスト =====
[WP最新記事] 渋谷区幡ヶ谷で楽しむ夏のアートと民泊ステイ https://staytokyo.xyz/archives/443 (2026-01-14 08:30)
================================
201
{"data":{"id":"2011219226347126924","edit_history_tweet_ids":["2011219226347126924"],"text":"[WP最新記事] 渋谷区幡ヶ谷で楽しむ夏のアートと民泊ステイ https://t.co/SAln8uzizx (2026-01-14 08:30)"}}
===== 実際に投稿するテキスト =====
[WP最新記事] 渋谷区幡ヶ谷で味わう冬の都会派民泊ステイの魅力 https://staytokyo.xyz/archives/446 (2026-01-15 08:30)
================================
201
{"data":{"edit_history_tweet_ids":["2011581615999418393"],"id":"2011581615999418393","text":"[WP最新記事] 渋谷区幡ヶ谷で味わう冬の都会派民泊ステイの魅力 https://t.co/d3xjApxKOb (2026-01-15 08:30)"}}
===== 実際に投稿するテキスト =====
[WP最新記事] 渋谷区幡ヶ谷で味わう春のアートと民泊滞在体験 https://staytokyo.xyz/archives/449 (2026-01-16 08:30)
================================
201
{"data":{"text":"[WP最新記事] 渋谷区幡ヶ谷で味わう春のアートと民泊滞在体験 https://t.co/zm7ojJ9Zpz (2026-01-16 08:30)","edit_history_tweet_ids":["2011944004821401842"],"id":"2011944004821401842"}}
===== 実際に投稿するテキスト =====
[WP最新記事] 渋谷区幡ヶ谷で楽しむ夏の都市型フェスと民泊滞在 https://staytokyo.xyz/archives/452 (2026-01-17 08:30)
================================
201
{"data":{"text":"[WP最新記事] 渋谷区幡ヶ谷で楽しむ夏の都市型フェスと民泊滞在 https://t.co/cTjRVcTxXH (2026-01-17 08:30)","id":"2012306391881629961","edit_history_tweet_ids":["2012306391881629961"]}}
===== 実際に投稿するテキスト =====
[WP最新記事] 渋谷区幡ヶ谷で味わう春のライブと民泊滞在の魅力 https://staytokyo.xyz/archives/455 (2026-01-18 08:30)
================================
201
{"data":{"edit_history_tweet_ids":["2012668781051752767"],"text":"[WP最新記事] 渋谷区幡ヶ谷で味わう春のライブと民泊滞在の魅力 https://t.co/Uv7NJgxHge (2026-01-18 08:30)","id":"2012668781051752767"}}
===== 実際に投稿するテキスト =====
[WP最新記事] 渋谷区幡ヶ谷で味わう春のアートと民泊滞在 https://staytokyo.xyz/archives/458 (2026-01-19 08:30)
================================
201
{"data":{"text":"[WP最新記事] 渋谷区幡ヶ谷で味わう春のアートと民泊滞在 https://t.co/lXfpmCMpMW (2026-01-19 08:30)","edit_history_tweet_ids":["2013031169164779595"],"id":"2013031169164779595"}}
===== 実際に投稿するテキスト =====
[WP最新記事] 渋谷区幡ヶ谷で過ごす秋のビジネス出張向け民泊ガイド https://staytokyo.xyz/archives/461 (2026-01-20 08:30)
================================
201
{"data":{"text":"[WP最新記事] 渋谷区幡ヶ谷で過ごす秋のビジネス出張向け民泊ガイド https://t.co/Xgw5HZViTb (2026-01-20 08:30)","id":"2013393546624241912","edit_history_tweet_ids":["2013393546624241912"]}}
===== 実際に投稿するテキスト =====
[WP最新記事] 渋谷区幡ヶ谷で楽しむ冬の都市型フェス滞在ガイド https://staytokyo.xyz/archives/464 (2026-01-21 08:30)
================================
201
{"data":{"edit_history_tweet_ids":["2013755935974662283"],"text":"[WP最新記事] 渋谷区幡ヶ谷で楽しむ冬の都市型フェス滞在ガイド https://t.co/0k63z66lME (2026-01-21 08:30)","id":"2013755935974662283"}}
===== 実際に投稿するテキスト =====
[WP最新記事] 渋谷区幡ヶ谷で体験する秋のアートと民泊滞在 https://staytokyo.xyz/archives/467 (2026-01-22 08:30)
================================
201
{"data":{"id":"2014118321881481378","edit_history_tweet_ids":["2014118321881481378"],"text":"[WP最新記事] 渋谷区幡ヶ谷で体験する秋のアートと民泊滞在 https://t.co/oxr5tKWt5F (2026-01-22 08:30)"}}
===== 実際に投稿するテキスト =====
[WP最新記事] 渋谷区幡ヶ谷で体験する秋のアートと民泊滞在 https://staytokyo.xyz/archives/467 (2026-01-23 08:30)
================================
201
{"data":{"edit_history_tweet_ids":["2014480739929358723"],"id":"2014480739929358723","text":"[WP最新記事] 渋谷区幡ヶ谷で体験する秋のアートと民泊滞在 https://t.co/oxr5tKWt5F (2026-01-23 08:30)"}}
===== 実際に投稿するテキスト =====
[WP最新記事] 渋谷区幡ヶ谷で楽しむ夏のアートフェスと民泊滞在 https://staytokyo.xyz/archives/470 (2026-01-24 08:30)
================================
201
{"data":{"edit_history_tweet_ids":["2014843106571780497"],"text":"[WP最新記事] 渋谷区幡ヶ谷で楽しむ夏のアートフェスと民泊滞在 https://t.co/LPTUdGq9Iu (2026-01-24 08:30)","id":"2014843106571780497"}}
===== 実際に投稿するテキスト =====
[WP最新記事] 渋谷区幡ヶ谷で味わう秋のカフェ巡りと民泊滞在体験 https://staytokyo.xyz/archives/473 (2026-01-25 08:30)
================================
201
{"data":{"edit_history_tweet_ids":["2015205484991820106"],"id":"2015205484991820106","text":"[WP最新記事] 渋谷区幡ヶ谷で味わう秋のカフェ巡りと民泊滞在体験 https://t.co/OJOH1oAKOQ (2026-01-25 08:30)"}}
===== 実際に投稿するテキスト =====
[WP最新記事] 渋谷区幡ヶ谷で過ごす春のビジネス出張向け民泊 https://staytokyo.xyz/archives/476 (2026-01-26 08:30)
================================
201
{"data":{"text":"[WP最新記事] 渋谷区幡ヶ谷で過ごす春のビジネス出張向け民泊 https://t.co/ALUD7CMHIp (2026-01-26 08:30)","id":"2015567883435393351","edit_history_tweet_ids":["2015567883435393351"]}}
===== 実際に投稿するテキスト =====
[WP最新記事] 渋谷区幡ヶ谷で味わう夏のアートと民泊滞在 https://staytokyo.xyz/archives/479 (2026-01-27 08:30)
================================
201
{"data":{"id":"2015930261641552119","edit_history_tweet_ids":["2015930261641552119"],"text":"[WP最新記事] 渋谷区幡ヶ谷で味わう夏のアートと民泊滞在 https://t.co/aGrqNo1rO6 (2026-01-27 08:30)"}}
===== 実際に投稿するテキスト =====
[WP最新記事] 渋谷区幡ヶ谷で味わう夏のアートと民泊滞在 https://staytokyo.xyz/archives/479 (2026-01-28 08:30)
================================
201
{"data":{"edit_history_tweet_ids":["2016292658826903902"],"id":"2016292658826903902","text":"[WP最新記事] 渋谷区幡ヶ谷で味わう夏のアートと民泊滞在 https://t.co/aGrqNo1rO6 (2026-01-28 08:30)"}}
===== 実際に投稿するテキスト =====
[WP最新記事] 渋谷区幡ヶ谷で味わう春のアートフェスと民泊滞在の魅力 https://staytokyo.xyz/archives/482 (2026-01-29 08:30)
================================
201
{"data":{"id":"2016655048596668491","text":"[WP最新記事] 渋谷区幡ヶ谷で味わう春のアートフェスと民泊滞在の魅力 https://t.co/R72LuQep37 (2026-01-29 08:30)"}}
===== 実際に投稿するテキスト =====
[WP最新記事] 渋谷区幡ヶ谷で春の就活応援民泊ステイガイド https://staytokyo.xyz/archives/485 (2026-01-30 08:30)
================================
201
{"data":{"text":"[WP最新記事] 渋谷区幡ヶ谷で春の就活応援民泊ステイガイド https://t.co/OY19Aa2xoV (2026-01-30 08:30)","edit_history_tweet_ids":["2017017426878353881"],"id":"2017017426878353881"}}
===== 実際に投稿するテキスト =====
[WP最新記事] 渋谷区幡ヶ谷で過ごす春のビジネス出張向け民泊 https://staytokyo.xyz/archives/488 (2026-01-31 08:30)
================================
201
{"data":{"text":"[WP最新記事] 渋谷区幡ヶ谷で過ごす春のビジネス出張向け民泊 https://t.co/QMpzxC08OH (2026-01-31 08:30)","edit_history_tweet_ids":["2017379820989235453"],"id":"2017379820989235453"}}
===== 実際に投稿するテキスト =====
[WP最新記事] 渋谷区幡ヶ谷で過ごす夏の花火と民泊滞在の魅力 https://staytokyo.xyz/archives/491 (2026-02-01 08:30)
================================
201
{"data":{"text":"[WP最新記事] 渋谷区幡ヶ谷で過ごす夏の花火と民泊滞在の魅力 https://t.co/nouoPc381E (2026-02-01 08:30)","id":"2017742210675184016","edit_history_tweet_ids":["2017742210675184016"]}}
===== 実際に投稿するテキスト =====
[WP最新記事] 渋谷区幡ヶ谷で過ごす春のライブと民泊体験 https://staytokyo.xyz/archives/494 (2026-02-02 08:30)
================================
201
{"data":{"edit_history_tweet_ids":["2018104597395701813"],"text":"[WP最新記事] 渋谷区幡ヶ谷で過ごす春のライブと民泊体験 https://t.co/wIKBDbP4Yz (2026-02-02 08:30)","id":"2018104597395701813"}}
===== 実際に投稿するテキスト =====
[WP最新記事] 渋谷区幡ヶ谷で過ごす春の子連れ安心民泊体験 https://staytokyo.xyz/archives/497 (2026-02-03 08:30)
================================
201
{"data":{"text":"[WP最新記事] 渋谷区幡ヶ谷で過ごす春の子連れ安心民泊体験 https://t.co/l0oNqWpU5V (2026-02-03 08:30)","edit_history_tweet_ids":["2018466987748585781"],"id":"2018466987748585781"}}
===== 実際に投稿するテキスト =====
[WP最新記事] 渋谷区幡ヶ谷の夏ライブ参戦に便利な民泊ガイド https://staytokyo.xyz/archives/500 (2026-02-04 08:30)
================================
201
{"data":{"id":"2018829362280489099","text":"[WP最新記事] 渋谷区幡ヶ谷の夏ライブ参戦に便利な民泊ガイド https://t.co/GoBe4t6AN4 (2026-02-04 08:30)","edit_history_tweet_ids":["2018829362280489099"]}}
===== 実際に投稿するテキスト =====
[WP最新記事] 渋谷区幡ヶ谷で過ごす秋の深夜移動も安心な民泊プラン https://staytokyo.xyz/archives/503 (2026-02-05 08:30)
================================
201
{"data":{"id":"2019191750393491631","edit_history_tweet_ids":["2019191750393491631"],"text":"[WP最新記事] 渋谷区幡ヶ谷で過ごす秋の深夜移動も安心な民泊プラン https://t.co/LnBlz6DfJu (2026-02-05 08:30)"}}
===== 実際に投稿するテキスト =====
[WP最新記事] 渋谷区幡ヶ谷で過ごす春のライブと民泊滞在の魅力 https://staytokyo.xyz/archives/506 (2026-02-06 08:30)
================================
201
{"data":{"edit_history_tweet_ids":["2019554137206341684"],"id":"2019554137206341684","text":"[WP最新記事] 渋谷区幡ヶ谷で過ごす春のライブと民泊滞在の魅力 https://t.co/pf8tu56MeM (2026-02-06 08:30)"}}
===== 実際に投稿するテキスト =====
[WP最新記事] 渋谷区幡ヶ谷で楽しむ春のライブと民泊滞在 https://staytokyo.xyz/archives/509 (2026-02-07 08:30)
================================
201
{"data":{"text":"[WP最新記事] 渋谷区幡ヶ谷で楽しむ春のライブと民泊滞在 https://t.co/XOT9hG0C2p (2026-02-07 08:30)","edit_history_tweet_ids":["2019916539416465598"],"id":"2019916539416465598"}}
===== 実際に投稿するテキスト =====
[WP最新記事] 渋谷区幡ヶ谷で楽しむ春のライブと民泊滞在プラン https://staytokyo.xyz/archives/512 (2026-02-08 08:30)
================================
201
{"data":{"edit_history_tweet_ids":["2020278923410731455"],"text":"[WP最新記事] 渋谷区幡ヶ谷で楽しむ春のライブと民泊滞在プラン https://t.co/0zDmIEVN3C (2026-02-08 08:30)","id":"2020278923410731455"}}
===== 実際に投稿するテキスト =====
[WP最新記事] 渋谷区幡ヶ谷で味わう冬の温泉気分と民泊滞在 https://staytokyo.xyz/archives/515 (2026-02-09 08:30)
================================
201
{"data":{"text":"[WP最新記事] 渋谷区幡ヶ谷で味わう冬の温泉気分と民泊滞在 https://t.co/ZmJ0poalGf (2026-02-09 08:30)","id":"2020641315323785502","edit_history_tweet_ids":["2020641315323785502"]}}
===== 実際に投稿するテキスト =====
[WP最新記事] 渋谷区幡ヶ谷の春旅に最適な民泊と周辺散策ガイド https://staytokyo.xyz/archives/518 (2026-02-10 08:30)
================================
201
{"data":{"id":"2021003700979032187","text":"[WP最新記事] 渋谷区幡ヶ谷の春旅に最適な民泊と周辺散策ガイド https://t.co/Zv5SuvmFh5 (2026-02-10 08:30)","edit_history_tweet_ids":["2021003700979032187"]}}
===== 実際に投稿するテキスト =====
[WP最新記事] 渋谷区幡ヶ谷で過ごす春のビジネス出張民泊プラン https://staytokyo.xyz/archives/521 (2026-02-11 08:30)
================================
201
{"data":{"edit_history_tweet_ids":["2021366092556640503"],"text":"[WP最新記事] 渋谷区幡ヶ谷で過ごす春のビジネス出張民泊プラン https://t.co/4MfYyKFCxk (2026-02-11 08:30)","id":"2021366092556640503"}}
===== 実際に投稿するテキスト =====
[WP最新記事] 渋谷区幡ヶ谷で味わう春のカップル民泊体験 https://staytokyo.xyz/archives/524 (2026-02-12 08:30)
================================
201
{"data":{"text":"[WP最新記事] 渋谷区幡ヶ谷で味わう春のカップル民泊体験 https://t.co/km297Vy04w (2026-02-12 08:30)","id":"2021728479767932930","edit_history_tweet_ids":["2021728479767932930"]}}
===== 実際に投稿するテキスト =====
[WP最新記事] 渋谷区幡ヶ谷の夏ライブと快適民泊ステイガイド https://staytokyo.xyz/archives/527 (2026-02-13 08:30)
================================
201
{"data":{"text":"[WP最新記事] 渋谷区幡ヶ谷の夏ライブと快適民泊ステイガイド https://t.co/rP2EjZvAY9 (2026-02-13 08:30)","id":"2022090865146310926","edit_history_tweet_ids":["2022090865146310926"]}}
===== 実際に投稿するテキスト =====
[WP最新記事] 渋谷区幡ヶ谷で春のライブと快適民泊体験 https://staytokyo.xyz/archives/530 (2026-02-14 08:30)
================================
201
{"data":{"text":"[WP最新記事] 渋谷区幡ヶ谷で春のライブと快適民泊体験 https://t.co/Uxio3xVvN8 (2026-02-14 08:30)","edit_history_tweet_ids":["2022453253078945869"],"id":"2022453253078945869"}}
===== 実際に投稿するテキスト =====
[WP最新記事] 渋谷区幡ヶ谷で味わう春のカップル民泊滞在 https://staytokyo.xyz/archives/533 (2026-02-15 08:30)
================================
201
{"data":{"edit_history_tweet_ids":["2022815630626558432"],"text":"[WP最新記事] 渋谷区幡ヶ谷で味わう春のカップル民泊滞在 https://t.co/1uMeng9IvY (2026-02-15 08:30)","id":"2022815630626558432"}}
===== 実際に投稿するテキスト =====
[WP最新記事] 渋谷区幡ヶ谷で楽しむ夏の花火と民泊滞在プラン https://staytokyo.xyz/archives/536 (2026-02-16 08:30)
================================
201
{"data":{"id":"2023178029560947190","edit_history_tweet_ids":["2023178029560947190"],"text":"[WP最新記事] 渋谷区幡ヶ谷で楽しむ夏の花火と民泊滞在プラン https://t.co/Zyrc1t1GqE (2026-02-16 08:30)"}}
===== 実際に投稿するテキスト =====
[WP最新記事] 渋谷区幡ヶ谷で楽しむ夏の花火と快適民泊滞在 https://staytokyo.xyz/archives/539 (2026-02-17 08:30)
================================
201
{"data":{"id":"2023540418177364435","edit_history_tweet_ids":["2023540418177364435"],"text":"[WP最新記事] 渋谷区幡ヶ谷で楽しむ夏の花火と快適民泊滞在 https://t.co/DFdSWXaGmT (2026-02-17 08:30)"}}
===== 実際に投稿するテキスト =====
[WP最新記事] 渋谷区幡ヶ谷で楽しむ夏の花火と快適民泊滞在 https://staytokyo.xyz/archives/539 (2026-02-18 08:30)
================================
201
{"data":{"id":"2023902804272963781","text":"[WP最新記事] 渋谷区幡ヶ谷で楽しむ夏の花火と快適民泊滞在 https://t.co/DFdSWXaGmT (2026-02-18 08:30)","edit_history_tweet_ids":["2023902804272963781"]}}
===== 実際に投稿するテキスト =====
[WP最新記事] 渋谷区幡ヶ谷で楽しむ春のライブと民泊滞在 https://staytokyo.xyz/archives/540 (2026-02-19 08:30)
================================
201
{"data":{"text":"[WP最新記事] 渋谷区幡ヶ谷で楽しむ春のライブと民泊滞在 https://t.co/XdqmO7BQRo (2026-02-19 08:30)","edit_history_tweet_ids":["2024265178280579204"],"id":"2024265178280579204"}}
===== 実際に投稿するテキスト =====
[WP最新記事] 渋谷区幡ヶ谷で楽しむ春のライブと民泊滞在 https://staytokyo.xyz/archives/540 (2026-02-20 08:30)
================================
201
{"data":{"edit_history_tweet_ids":["2024627566880186813"],"text":"[WP最新記事] 渋谷区幡ヶ谷で楽しむ春のライブと民泊滞在 https://t.co/XdqmO7BQRo (2026-02-20 08:30)","id":"2024627566880186813"}}
===== 実際に投稿するテキスト =====
[WP最新記事] 渋谷区幡ヶ谷で楽しむ春のライブと快適民泊滞在 https://staytokyo.xyz/archives/543 (2026-02-21 08:30)
================================
201
{"data":{"edit_history_tweet_ids":["2024989974421209190"],"id":"2024989974421209190","text":"[WP最新記事] 渋谷区幡ヶ谷で楽しむ春のライブと快適民泊滞在 https://t.co/4J5Anw1VwJ (2026-02-21 08:30)"}}
===== 実際に投稿するテキスト =====
[WP最新記事] 渋谷区幡ヶ谷で春のライブと快適民泊滞在体験 https://staytokyo.xyz/archives/546 (2026-02-22 08:30)
================================
201
{"data":{"edit_history_tweet_ids":["2025352358134513857"],"id":"2025352358134513857","text":"[WP最新記事] 渋谷区幡ヶ谷で春のライブと快適民泊滞在体験 https://t.co/HYQfcCS2JA (2026-02-22 08:30)"}}
===== 実際に投稿するテキスト =====
[WP最新記事] 渋谷区幡ヶ谷で楽しむ秋のライブと民泊滞在プラン https://staytokyo.xyz/archives/547 (2026-02-23 08:30)
================================
201
{"data":{"id":"2025714738441908243","text":"[WP最新記事] 渋谷区幡ヶ谷で楽しむ秋のライブと民泊滞在プラン https://t.co/wyBkU75gmL (2026-02-23 08:30)","edit_history_tweet_ids":["2025714738441908243"]}}
===== 実際に投稿するテキスト =====
[WP最新記事] 渋谷区幡ヶ谷で楽しむ秋の週末民泊滞在プラン https://staytokyo.xyz/archives/548 (2026-02-24 08:30)
================================
201
{"data":{"text":"[WP最新記事] 渋谷区幡ヶ谷で楽しむ秋の週末民泊滞在プラン https://t.co/Y6od2sGTJg (2026-02-24 08:30)","edit_history_tweet_ids":["2026077121819607339"],"id":"2026077121819607339"}}
===== 実際に投稿するテキスト =====
[WP最新記事] 渋谷区幡ヶ谷で味わう春のスポーツ観戦と民泊滞在 https://staytokyo.xyz/archives/551 (2026-02-25 08:30)
================================
201
{"data":{"text":"[WP最新記事] 渋谷区幡ヶ谷で味わう春のスポーツ観戦と民泊滞在 https://t.co/gH43pkv2jK (2026-02-25 08:30)","id":"2026439521093693538","edit_history_tweet_ids":["2026439521093693538"]}}
===== 実際に投稿するテキスト =====
[WP最新記事] 渋谷区幡ヶ谷で過ごす春のビジネス出張向け民泊 https://staytokyo.xyz/archives/554 (2026-02-26 08:30)
================================
201
{"data":{"id":"2026801916144136616","edit_history_tweet_ids":["2026801916144136616"],"text":"[WP最新記事] 渋谷区幡ヶ谷で過ごす春のビジネス出張向け民泊 https://t.co/WfdJ0euOwe (2026-02-26 08:30)"}}
===== 実際に投稿するテキスト =====
[WP最新記事] 渋谷区幡ヶ谷で過ごす春のビジネス出張向け民泊 https://staytokyo.xyz/archives/554 (2026-02-27 08:30)
================================
201
{"data":{"text":"[WP最新記事] 渋谷区幡ヶ谷で過ごす春のビジネス出張向け民泊 https://t.co/WfdJ0euOwe (2026-02-27 08:30)","edit_history_tweet_ids":["2027164298792071371"],"id":"2027164298792071371"}}
===== 実際に投稿するテキスト =====
[WP最新記事] 渋谷区幡ヶ谷で過ごす春のビジネス出張向け民泊 https://staytokyo.xyz/archives/554 (2026-02-28 08:30)
================================
201
{"data":{"text":"[WP最新記事] 渋谷区幡ヶ谷で過ごす春のビジネス出張向け民泊 https://t.co/WfdJ0euOwe (2026-02-28 08:30)","edit_history_tweet_ids":["2027526683885244627"],"id":"2027526683885244627"}}
===== 実際に投稿するテキスト =====
[WP最新記事] 渋谷区幡ヶ谷で味わう春の文化祭と民泊滞在の魅力 https://staytokyo.xyz/archives/557 (2026-03-01 08:30)
================================
201
{"data":{"id":"2027889070400278576","text":"[WP最新記事] 渋谷区幡ヶ谷で味わう春の文化祭と民泊滞在の魅力 https://t.co/xkKewikR4o (2026-03-01 08:30)","edit_history_tweet_ids":["2027889070400278576"]}}
===== 実際に投稿するテキスト =====
[WP最新記事] 渋谷区幡ヶ谷で楽しむ春の音楽祭と快適民泊滞在 https://staytokyo.xyz/archives/560 (2026-03-02 08:30)
================================
201
{"data":{"id":"2028251459230580781","text":"[WP最新記事] 渋谷区幡ヶ谷で楽しむ春の音楽祭と快適民泊滞在 https://t.co/sVCmLr5XCv (2026-03-02 08:30)","edit_history_tweet_ids":["2028251459230580781"]}}
===== 実際に投稿するテキスト =====
[WP最新記事] 渋谷区幡ヶ谷で過ごす春のビジネス出張民泊ガイド https://staytokyo.xyz/archives/563 (2026-03-03 08:30)
================================
201
{"data":{"text":"[WP最新記事] 渋谷区幡ヶ谷で過ごす春のビジネス出張民泊ガイド https://t.co/LNKkY29qBb (2026-03-03 08:30)","edit_history_tweet_ids":["2028613849222611437"],"id":"2028613849222611437"}}
===== 実際に投稿するテキスト =====
[WP最新記事] 渋谷区幡ヶ谷の夏ライブと便利な民泊滞在プラン https://staytokyo.xyz/archives/566 (2026-03-04 08:30)
================================
201
{"data":{"text":"[WP最新記事] 渋谷区幡ヶ谷の夏ライブと便利な民泊滞在プラン https://t.co/qfmLfXAk9L (2026-03-04 08:30)","edit_history_tweet_ids":["2028976235641225441"],"id":"2028976235641225441"}}
===== 実際に投稿するテキスト =====
[WP最新記事] 渋谷区幡ヶ谷で過ごす春のライブイベント民泊体験 https://staytokyo.xyz/archives/569 (2026-03-05 08:30)
================================
201
{"data":{"edit_history_tweet_ids":["2029338611498516601"],"text":"[WP最新記事] 渋谷区幡ヶ谷で過ごす春のライブイベント民泊体験 https://t.co/In12iGCU6E (2026-03-05 08:30)","id":"2029338611498516601"}}
===== 実際に投稿するテキスト =====
[WP最新記事] 渋谷区幡ヶ谷で味わう春の音楽祭と民泊滞在の魅力 https://staytokyo.xyz/archives/572 (2026-03-06 08:30)
================================
201
{"data":{"id":"2029701013293461903","text":"[WP最新記事] 渋谷区幡ヶ谷で味わう春の音楽祭と民泊滞在の魅力 https://t.co/bqkAG4oQwc (2026-03-06 08:30)","edit_history_tweet_ids":["2029701013293461903"]}}
===== 実際に投稿するテキスト =====
[WP最新記事] 渋谷区幡ヶ谷で楽しむ春の音楽祭と快適民泊滞在 https://staytokyo.xyz/archives/575 (2026-03-07 08:30)
================================
201
{"data":{"id":"2030063386067865723","edit_history_tweet_ids":["2030063386067865723"],"text":"[WP最新記事] 渋谷区幡ヶ谷で楽しむ春の音楽祭と快適民泊滞在 https://t.co/L14YWpiQWG (2026-03-07 08:30)"}}
===== 実際に投稿するテキスト =====
[WP最新記事] 渋谷区幡ヶ谷で楽しむ春の音楽祭と宿泊体験 https://staytokyo.xyz/archives/578 (2026-03-08 08:30)
================================
201
{"data":{"text":"[WP最新記事] 渋谷区幡ヶ谷で楽しむ春の音楽祭と宿泊体験 https://t.co/XTdYrSi7TQ (2026-03-08 08:30)","id":"2030425785321029978","edit_history_tweet_ids":["2030425785321029978"]}}
===== 実際に投稿するテキスト =====
[WP最新記事] 渋谷区幡ヶ谷で楽しむ春のライブと民泊滞在ガイド https://staytokyo.xyz/archives/581 (2026-03-09 08:30)
================================
201
{"data":{"edit_history_tweet_ids":["2030788175002784184"],"id":"2030788175002784184","text":"[WP最新記事] 渋谷区幡ヶ谷で楽しむ春のライブと民泊滞在ガイド https://t.co/z1IuijyART (2026-03-09 08:30)"}}
===== 実際に投稿するテキスト =====
[WP最新記事] 渋谷区幡ヶ谷で過ごす夏のライブと民泊滞在の魅力 https://staytokyo.xyz/archives/584 (2026-03-10 08:30)
================================
201
{"data":{"text":"[WP最新記事] 渋谷区幡ヶ谷で過ごす夏のライブと民泊滞在の魅力 https://t.co/Ay8Sa1QI3i (2026-03-10 08:30)","id":"2031150563967271314","edit_history_tweet_ids":["2031150563967271314"]}}
===== 実際に投稿するテキスト =====
[WP最新記事] 渋谷区幡ヶ谷で味わう春の文化祭と民泊滞在の魅力 https://staytokyo.xyz/archives/587 (2026-03-11 08:30)
================================
201
{"data":{"id":"2031512948498378775","edit_history_tweet_ids":["2031512948498378775"],"text":"[WP最新記事] 渋谷区幡ヶ谷で味わう春の文化祭と民泊滞在の魅力 https://t.co/wlyT5CTVuA (2026-03-11 08:30)"}}
===== 実際に投稿するテキスト =====
[WP最新記事] 渋谷区幡ヶ谷で楽しむ夏の花火と民泊滞在プラン https://staytokyo.xyz/archives/590 (2026-03-12 08:30)
================================
201
{"data":{"text":"[WP最新記事] 渋谷区幡ヶ谷で楽しむ夏の花火と民泊滞在プラン https://t.co/1GqXUkhm9G (2026-03-12 08:30)","id":"2031875339883069840","edit_history_tweet_ids":["2031875339883069840"]}}
===== 実際に投稿するテキスト =====
[WP最新記事] 渋谷区幡ヶ谷で楽しむ夏の夜風と民泊滞在の魅力 https://staytokyo.xyz/archives/593 (2026-03-13 08:30)
================================
201
{"data":{"edit_history_tweet_ids":["2032237726226137524"],"text":"[WP最新記事] 渋谷区幡ヶ谷で楽しむ夏の夜風と民泊滞在の魅力 https://t.co/SLB4lYReNw (2026-03-13 08:30)","id":"2032237726226137524"}}
===== 実際に投稿するテキスト =====
[WP最新記事] 渋谷区幡ヶ谷で過ごす春のビジネス出張民泊ガイド https://staytokyo.xyz/archives/596 (2026-03-14 08:30)
================================
201
{"data":{"text":"[WP最新記事] 渋谷区幡ヶ谷で過ごす春のビジネス出張民泊ガイド https://t.co/K9fLEuXsBp (2026-03-14 08:30)","edit_history_tweet_ids":["2032600114934751513"],"id":"2032600114934751513"}}
===== 実際に投稿するテキスト =====
[WP最新記事] 渋谷区幡ヶ谷で楽しむ夏の花火と民泊体験 https://staytokyo.xyz/archives/599 (2026-03-15 08:30)
================================
201
{"data":{"id":"2032962500535398791","text":"[WP最新記事] 渋谷区幡ヶ谷で楽しむ夏の花火と民泊体験 https://t.co/C9mDK0csam (2026-03-15 08:30)","edit_history_tweet_ids":["2032962500535398791"]}}
===== 実際に投稿するテキスト =====
[WP最新記事] 渋谷区幡ヶ谷で楽しむ春の家族向け民泊滞在プラン https://staytokyo.xyz/archives/602 (2026-03-16 08:30)
================================
201
{"data":{"text":"[WP最新記事] 渋谷区幡ヶ谷で楽しむ春の家族向け民泊滞在プラン https://t.co/kBZRHN01ho (2026-03-16 08:30)","id":"2033324889642610895","edit_history_tweet_ids":["2033324889642610895"]}}
===== 実際に投稿するテキスト =====
[WP最新記事] 渋谷区幡ヶ谷で味わう夏の朝市と快適民泊滞在 https://staytokyo.xyz/archives/605 (2026-03-17 08:30)
================================
201
{"data":{"id":"2033687278275727516","text":"[WP最新記事] 渋谷区幡ヶ谷で味わう夏の朝市と快適民泊滞在 https://t.co/fIVSBpWcxs (2026-03-17 08:30)","edit_history_tweet_ids":["2033687278275727516"]}}
===== 実際に投稿するテキスト =====
[WP最新記事] 渋谷区幡ヶ谷で過ごす春の子連れ民泊安心旅 https://staytokyo.xyz/archives/608 (2026-03-18 08:30)
================================
201
{"data":{"edit_history_tweet_ids":["2034049658557997059"],"id":"2034049658557997059","text":"[WP最新記事] 渋谷区幡ヶ谷で過ごす春の子連れ民泊安心旅 https://t.co/m6ECPmcraJ (2026-03-18 08:30)"}}
===== 実際に投稿するテキスト =====
[WP最新記事] 渋谷区幡ヶ谷で過ごす春のビジネス出張民泊ガイド https://staytokyo.xyz/archives/611 (2026-03-19 08:30)
================================
201
{"data":{"id":"2034412040480243877","text":"[WP最新記事] 渋谷区幡ヶ谷で過ごす春のビジネス出張民泊ガイド https://t.co/RHuTk2tcby (2026-03-19 08:30)","edit_history_tweet_ids":["2034412040480243877"]}}
===== 実際に投稿するテキスト =====
[WP最新記事] 渋谷区幡ヶ谷で味わう夏の夜風と民泊の寛ぎ体験 https://staytokyo.xyz/archives/614 (2026-03-20 08:30)
================================
201
{"data":{"text":"[WP最新記事] 渋谷区幡ヶ谷で味わう夏の夜風と民泊の寛ぎ体験 https://t.co/XbFkl3QMtP (2026-03-20 08:30)","edit_history_tweet_ids":["2034774438781362471"],"id":"2034774438781362471"}}
===== 実際に投稿するテキスト =====
[WP最新記事] 渋谷区幡ヶ谷で楽しむ春のファミリー民泊滞在 https://staytokyo.xyz/archives/617 (2026-03-21 08:30)
================================
201
{"data":{"edit_history_tweet_ids":["2035136830103068716"],"text":"[WP最新記事] 渋谷区幡ヶ谷で楽しむ春のファミリー民泊滞在 https://t.co/nJVeeFnLZR (2026-03-21 08:30)","id":"2035136830103068716"}}
===== 実際に投稿するテキスト =====
[WP最新記事] 渋谷区幡ヶ谷で過ごす春のビジネス出張民泊ガイド https://staytokyo.xyz/archives/620 (2026-03-22 08:30)
================================
201
{"data":{"id":"2035499206820102592","edit_history_tweet_ids":["2035499206820102592"],"text":"[WP最新記事] 渋谷区幡ヶ谷で過ごす春のビジネス出張民泊ガイド https://t.co/4lcGhi8ZBK (2026-03-22 08:30)"}}
===== 実際に投稿するテキスト =====
[WP最新記事] 渋谷区幡ヶ谷で楽しむ春の子連れ民泊旅プラン https://staytokyo.xyz/archives/623 (2026-03-23 08:30)
================================
201
{"data":{"edit_history_tweet_ids":["2035861594643845303"],"text":"[WP最新記事] 渋谷区幡ヶ谷で楽しむ春の子連れ民泊旅プラン https://t.co/2DwEGFOSFA (2026-03-23 08:30)","id":"2035861594643845303"}}
===== 実際に投稿するテキスト =====
[WP最新記事] 渋谷区幡ヶ谷で楽しむ夏の花火と民泊滞在プラン https://staytokyo.xyz/archives/626 (2026-03-24 08:30)
================================
201
{"data":{"id":"2036223996279267402","edit_history_tweet_ids":["2036223996279267402"],"text":"[WP最新記事] 渋谷区幡ヶ谷で楽しむ夏の花火と民泊滞在プラン https://t.co/NMokAmRpxk (2026-03-24 08:30)"}}
===== 実際に投稿するテキスト =====
[WP最新記事] 渋谷区幡ヶ谷で楽しむ夏の花火と民泊滞在プラン https://staytokyo.xyz/archives/626 (2026-03-25 08:30)
================================
201
{"data":{"text":"[WP最新記事] 渋谷区幡ヶ谷で楽しむ夏の花火と民泊滞在プラン https://t.co/NMokAmRpxk (2026-03-25 08:30)","edit_history_tweet_ids":["2036586381112434960"],"id":"2036586381112434960"}}
===== 実際に投稿するテキスト =====
[WP最新記事] 渋谷区幡ヶ谷で過ごす春のファミリー向け民泊体験 https://staytokyo.xyz/archives/629 (2026-03-26 08:30)
================================
201
{"data":{"edit_history_tweet_ids":["2036948769066057752"],"id":"2036948769066057752","text":"[WP最新記事] 渋谷区幡ヶ谷で過ごす春のファミリー向け民泊体験 https://t.co/G8CwVBDHGD (2026-03-26 08:30)"}}
===== 実際に投稿するテキスト =====
[WP最新記事] 渋谷区幡ヶ谷で過ごす春のファミリー民泊体験 https://staytokyo.xyz/archives/632 (2026-03-27 08:30)
================================
201
{"data":{"id":"2037311156533318105","text":"[WP最新記事] 渋谷区幡ヶ谷で過ごす春のファミリー民泊体験 https://t.co/9NkpZU5Yfo (2026-03-27 08:30)","edit_history_tweet_ids":["2037311156533318105"]}}
===== 実際に投稿するテキスト =====
[WP最新記事] 渋谷区幡ヶ谷で味わう春の地元飲食と民泊滞在 https://staytokyo.xyz/archives/633 (2026-03-28 08:30)
================================
201
{"data":{"edit_history_tweet_ids":["2037673543509725596"],"id":"2037673543509725596","text":"[WP最新記事] 渋谷区幡ヶ谷で味わう春の地元飲食と民泊滞在 https://t.co/dlMnAoHDKT (2026-03-28 08:30)"}}
===== 実際に投稿するテキスト =====
[WP最新記事] 渋谷区幡ヶ谷で楽しむ春のビジネス出張民泊ガイド https://staytokyo.xyz/archives/636 (2026-03-29 08:30)
================================
201
{"data":{"id":"2038035932415467552","edit_history_tweet_ids":["2038035932415467552"],"text":"[WP最新記事] 渋谷区幡ヶ谷で楽しむ春のビジネス出張民泊ガイド https://t.co/yhd2jdhHBl (2026-03-29 08:30)"}}
===== 実際に投稿するテキスト =====
[WP最新記事] 渋谷区幡ヶ谷で過ごす春のファミリー民泊体験 https://staytokyo.xyz/archives/639 (2026-03-30 08:30)
================================
201
{"data":{"text":"[WP最新記事] 渋谷区幡ヶ谷で過ごす春のファミリー民泊体験 https://t.co/E474yyua9g (2026-03-30 08:30)","id":"2038398321916796954","edit_history_tweet_ids":["2038398321916796954"]}}
===== 実際に投稿するテキスト =====
[WP最新記事] 渋谷区幡ヶ谷で過ごす春の夜桜と民泊滞在の魅力 https://staytokyo.xyz/archives/642 (2026-03-31 08:30)
================================
201
{"data":{"edit_history_tweet_ids":["2038760697467965907"],"id":"2038760697467965907","text":"[WP最新記事] 渋谷区幡ヶ谷で過ごす春の夜桜と民泊滞在の魅力 https://t.co/0hoBehVw7m (2026-03-31 08:30)"}}
===== 実際に投稿するテキスト =====
[WP最新記事] 渋谷区幡ヶ谷で味わう夏の涼感民泊と街歩きの魅力 https://staytokyo.xyz/archives/645 (2026-04-01 08:30)
================================
201
{"data":{"text":"[WP最新記事] 渋谷区幡ヶ谷で味わう夏の涼感民泊と街歩きの魅力 https://t.co/e0rSZSmwRC (2026-04-01 08:30)","id":"2039123088923902235","edit_history_tweet_ids":["2039123088923902235"]}}
===== 実際に投稿するテキスト =====
[WP最新記事] 渋谷区幡ヶ谷で味わう夏の涼感民泊と街歩きの魅力 https://staytokyo.xyz/archives/645 (2026-04-02 08:30)
================================
201
{"data":{"edit_history_tweet_ids":["2039485477389259087"],"id":"2039485477389259087","text":"[WP最新記事] 渋谷区幡ヶ谷で味わう夏の涼感民泊と街歩きの魅力 https://t.co/e0rSZSmwRC (2026-04-02 08:30)"}}
===== 実際に投稿するテキスト =====
[WP最新記事] 渋谷区幡ヶ谷で味わう夏の涼感民泊と街歩きの魅力 https://staytokyo.xyz/archives/645 (2026-04-03 08:30)
================================
201
{"data":{"id":"2039847875971273043","text":"[WP最新記事] 渋谷区幡ヶ谷で味わう夏の涼感民泊と街歩きの魅力 https://t.co/e0rSZSmwRC (2026-04-03 08:30)","edit_history_tweet_ids":["2039847875971273043"]}}
===== 実際に投稿するテキスト =====
[WP最新記事] 渋谷区幡ヶ谷で味わう夏の涼感民泊と街歩きの魅力 https://staytokyo.xyz/archives/645 (2026-04-04 08:30)
================================
201
{"data":{"id":"2040210260217188355","text":"[WP最新記事] 渋谷区幡ヶ谷で味わう夏の涼感民泊と街歩きの魅力 https://t.co/e0rSZSmwRC (2026-04-04 08:30)","edit_history_tweet_ids":["2040210260217188355"]}}
===== 実際に投稿するテキスト =====
[WP最新記事] 渋谷区幡ヶ谷で味わう夏の涼感民泊と街歩きの魅力 https://staytokyo.xyz/archives/645 (2026-04-05 08:30)
================================
201
{"data":{"text":"[WP最新記事] 渋谷区幡ヶ谷で味わう夏の涼感民泊と街歩きの魅力 https://t.co/e0rSZSmwRC (2026-04-05 08:30)","id":"2040572635776774326","edit_history_tweet_ids":["2040572635776774326"]}}
===== 実際に投稿するテキスト =====
[WP最新記事] 渋谷区幡ヶ谷で味わう夏の涼感民泊と街歩きの魅力 https://staytokyo.xyz/archives/645 (2026-04-06 08:30)
================================
201
{"data":{"id":"2040935031993151903","edit_history_tweet_ids":["2040935031993151903"],"text":"[WP最新記事] 渋谷区幡ヶ谷で味わう夏の涼感民泊と街歩きの魅力 https://t.co/e0rSZSmwRC (2026-04-06 08:30)"}}
===== 実際に投稿するテキスト =====
[WP最新記事] 渋谷区幡ヶ谷で味わう夏の涼感民泊と街歩きの魅力 https://staytokyo.xyz/archives/645 (2026-04-07 08:30)
================================
201
{"data":{"text":"[WP最新記事] 渋谷区幡ヶ谷で味わう夏の涼感民泊と街歩きの魅力 https://t.co/e0rSZSmwRC (2026-04-07 08:30)","id":"2041297419116466210","edit_history_tweet_ids":["2041297419116466210"]}}
===== 実際に投稿するテキスト =====
[WP最新記事] 渋谷区幡ヶ谷で味わう夏の涼感民泊と街歩きの魅力 https://staytokyo.xyz/archives/645 (2026-04-08 08:30)
================================
201
{"data":{"text":"[WP最新記事] 渋谷区幡ヶ谷で味わう夏の涼感民泊と街歩きの魅力 https://t.co/e0rSZSmwRC (2026-04-08 08:30)","edit_history_tweet_ids":["2041659810475864282"],"id":"2041659810475864282"}}
===== 実際に投稿するテキスト =====
[WP最新記事] 渋谷区幡ヶ谷で味わう夏の涼感民泊と街歩きの魅力 https://staytokyo.xyz/archives/645 (2026-04-09 08:30)
================================
201
{"data":{"id":"2042022198349852834","edit_history_tweet_ids":["2042022198349852834"],"text":"[WP最新記事] 渋谷区幡ヶ谷で味わう夏の涼感民泊と街歩きの魅力 https://t.co/e0rSZSmwRC (2026-04-09 08:30)"}}
===== 実際に投稿するテキスト =====
[WP最新記事] 渋谷区幡ヶ谷で味わう夏の涼感民泊と街歩きの魅力 https://staytokyo.xyz/archives/645 (2026-04-10 08:30)
================================
201
{"data":{"text":"[WP最新記事] 渋谷区幡ヶ谷で味わう夏の涼感民泊と街歩きの魅力 https://t.co/e0rSZSmwRC (2026-04-10 08:30)","id":"2042384578892218718","edit_history_tweet_ids":["2042384578892218718"]}}
===== 実際に投稿するテキスト =====
[WP最新記事] 渋谷区幡ヶ谷の春に楽しむ文化イベントと民泊滞在 https://staytokyo.xyz/archives/648 (2026-04-11 08:30)
================================
201
{"data":{"edit_history_tweet_ids":["2042746979688812765"],"text":"[WP最新記事] 渋谷区幡ヶ谷の春に楽しむ文化イベントと民泊滞在 https://t.co/YhhES8Ulch (2026-04-11 08:30)","id":"2042746979688812765"}}
===== 実際に投稿するテキスト =====
[WP最新記事] 渋谷区幡ヶ谷で過ごす春のアート展と民泊体験 https://staytokyo.xyz/archives/651 (2026-04-12 08:30)
================================
201
{"data":{"id":"2043109355617395198","edit_history_tweet_ids":["2043109355617395198"],"text":"[WP最新記事] 渋谷区幡ヶ谷で過ごす春のアート展と民泊体験 https://t.co/xKrpMdW8wY (2026-04-12 08:30)"}}
===== 実際に投稿するテキスト =====
[WP最新記事] 渋谷区幡ヶ谷で楽しむ春の子連れ民泊滞在ガイド https://staytokyo.xyz/archives/654 (2026-04-13 08:30)
================================
201
{"data":{"edit_history_tweet_ids":["2043471751917801761"],"text":"[WP最新記事] 渋谷区幡ヶ谷で楽しむ春の子連れ民泊滞在ガイド https://t.co/6kOR6C8MOS (2026-04-13 08:30)","id":"2043471751917801761"}}
===== 実際に投稿するテキスト =====
[WP最新記事] 渋谷区幡ヶ谷で過ごす夏の涼感民泊と街歩き https://staytokyo.xyz/archives/657 (2026-04-14 08:30)
================================
201
{"data":{"id":"2043834141289103823","edit_history_tweet_ids":["2043834141289103823"],"text":"[WP最新記事] 渋谷区幡ヶ谷で過ごす夏の涼感民泊と街歩き https://t.co/zYBDXBH1n1 (2026-04-14 08:30)"}}
===== 実際に投稿するテキスト =====
[WP最新記事] 渋谷区幡ヶ谷で親子参加の宿泊限定農業体験プラン https://staytokyo.xyz/archives/658 (2026-04-15 08:30)
================================
201
{"data":{"text":"[WP最新記事] 渋谷区幡ヶ谷で親子参加の宿泊限定農業体験プラン https://t.co/exe7qFwrSW (2026-04-15 08:30)","edit_history_tweet_ids":["2044196528194224332"],"id":"2044196528194224332"}}
===== 実際に投稿するテキスト =====
[WP最新記事] 渋谷区幡ヶ谷で過ごす夏の親子歓迎民泊滞在 https://staytokyo.xyz/archives/661 (2026-04-16 08:30)
================================
201
{"data":{"text":"[WP最新記事] 渋谷区幡ヶ谷で過ごす夏の親子歓迎民泊滞在 https://t.co/MIxOmRCsag (2026-04-16 08:30)","id":"2044558909944565991","edit_history_tweet_ids":["2044558909944565991"]}}
===== 実際に投稿するテキスト =====
[WP最新記事] 渋谷区幡ヶ谷で過ごす春の農業体験民泊ステイの魅力 https://staytokyo.xyz/archives/664 (2026-04-17 08:30)
================================
201
{"data":{"id":"2044921302230941832","edit_history_tweet_ids":["2044921302230941832"],"text":"[WP最新記事] 渋谷区幡ヶ谷で過ごす春の農業体験民泊ステイの魅力 https://t.co/XTWQAFmCsC (2026-04-17 08:30)"}}
===== 実際に投稿するテキスト =====
[WP最新記事] 渋谷区幡ヶ谷で親子参加の農業体験付き民泊滞在 https://staytokyo.xyz/archives/665 (2026-04-18 08:30)
================================
201
{"data":{"text":"[WP最新記事] 渋谷区幡ヶ谷で親子参加の農業体験付き民泊滞在 https://t.co/nuh5d6R1h0 (2026-04-18 08:30)","edit_history_tweet_ids":["2045283694009848114"],"id":"2045283694009848114"}}
===== 実際に投稿するテキスト =====
[WP最新記事] 春の渋谷区幡ヶ谷で楽しむビジネス出張民泊滞在 https://staytokyo.xyz/archives/668 (2026-04-19 08:30)
================================
201
{"data":{"id":"2045646080847794583","edit_history_tweet_ids":["2045646080847794583"],"text":"[WP最新記事] 春の渋谷区幡ヶ谷で楽しむビジネス出張民泊滞在 https://t.co/xKuQkbJvK4 (2026-04-19 08:30)"}}
Creating x-auto-post_x-bot_run ... 
Creating x-auto-post_x-bot_run ... done
===== 実際に投稿するテキスト =====
[WP最新記事] 渋谷区幡ヶ谷で味わう春の農業体験と民泊滞在 https://staytokyo.xyz/archives/676 (2026-04-19 23:30)
================================
201
{"data":{"edit_history_tweet_ids":["2046008461633474806"],"text":"[WP最新記事] 渋谷区幡ヶ谷で味わう春の農業体験と民泊滞在 https://t.co/HBt2uS9vk9 (2026-04-19 23:30)","id":"2046008461633474806"}}
Creating x-auto-post_x-bot_run ... 
Creating x-auto-post_x-bot_run ... done
===== 実際に投稿するテキスト =====
[WP最新記事] 渋谷区幡ヶ谷で夏の花火と快適民泊滞在体験 https://staytokyo.xyz/archives/679 (2026-04-20 23:30)
================================
201
{"data":{"text":"[WP最新記事] 渋谷区幡ヶ谷で夏の花火と快適民泊滞在体験 https://t.co/ORA1uFgzZV (2026-04-20 23:30)","id":"2046370843996139804","edit_history_tweet_ids":["2046370843996139804"]}}
